app/build/intermediates/manifest_merge_blame_file/debug/manifest-merger-blame-debug-report.txt
1<?xml version="1.0" encoding="utf-8"?>
2<manifest xmlns:android="http://schemas.android.com/apk/res/android"
3    package="allancalderwood.com.mpdcoursework"
4    android:versionCode="1"
5    android:versionName="1.0" >
6
7    <uses-sdk
8        android:minSdkVersion="23"
8-->src\main\AndroidManifest.xml
9        android:targetSdkVersion="29" />
9-->src\main\AndroidManifest.xml
10
11    <uses-permission android:name="android.permission.INTERNET" />
11-->src\main\AndroidManifest.xml:5:5-66
11-->src\main\AndroidManifest.xml:5:22-64
12    <uses-permission android:name="android.permission.ACCESS_FINE_LOCATION" />
12-->src\main\AndroidManifest.xml:6:5-79
12-->src\main\AndroidManifest.xml:6:22-76
13    <uses-permission android:name="android.permission.ACCESS_COARSE_LOCATION" />
13-->src\main\AndroidManifest.xml:7:5-81
13-->src\main\AndroidManifest.xml:7:22-78
14    <uses-permission android:name="android.permission.ACCESS_WIFI_STATE" /> <!-- Include required permissions for Google Maps API to run. -->
14-->[com.google.android.libraries.places:places:1.0.0] AndroidManifest.xml:10:5-76
14-->[com.google.android.libraries.places:places:1.0.0] AndroidManifest.xml:10:22-73
15    <uses-permission android:name="android.permission.ACCESS_NETWORK_STATE" />
15-->[com.google.android.gms:play-services-maps:16.1.0] AndroidManifest.xml:23:5-79
15-->[com.google.android.gms:play-services-maps:16.1.0] AndroidManifest.xml:23:22-76
16
17    <uses-feature
17-->[com.google.android.gms:play-services-maps:16.1.0] AndroidManifest.xml:26:5-28:35
18        android:glEsVersion="0x00020000"
18-->[com.google.android.gms:play-services-maps:16.1.0] AndroidManifest.xml:27:9-41
19        android:required="true" />
19-->[com.google.android.gms:play-services-maps:16.1.0] AndroidManifest.xml:28:9-32
20
21    <application
21-->src\main\AndroidManifest.xml:9:5-30:19
22        android:allowBackup="true"
22-->src\main\AndroidManifest.xml:10:9-35
23        android:appComponentFactory="androidx.core.app.CoreComponentFactory"
23-->[androidx.core:core:1.1.0] AndroidManifest.xml:24:18-86
24        android:debuggable="true"
25        android:icon="@mipmap/ic_launcher"
25-->src\main\AndroidManifest.xml:11:9-43
26        android:label="@string/app_name"
26-->src\main\AndroidManifest.xml:12:9-41
27        android:roundIcon="@mipmap/ic_launcher"
27-->src\main\AndroidManifest.xml:13:9-48
28        android:supportsRtl="true"
28-->src\main\AndroidManifest.xml:14:9-35
29        android:theme="@style/AppTheme" >
29-->src\main\AndroidManifest.xml:15:9-40
30        <meta-data
30-->src\main\AndroidManifest.xml:17:9-19:55
31            android:name="com.google.android.geo.API_KEY"
31-->src\main\AndroidManifest.xml:18:13-58
32            android:value="@string/google_maps_key" />
32-->src\main\AndroidManifest.xml:19:13-52
33
34        <activity
34-->src\main\AndroidManifest.xml:21:9-29:20
35            android:name="allancalderwood.com.mpdcoursework.MapsActivity"
35-->src\main\AndroidManifest.xml:22:13-41
36            android:label="@string/app_name" >
36-->src\main\AndroidManifest.xml:23:13-45
37            <intent-filter>
37-->src\main\AndroidManifest.xml:24:13-28:29
38                <action android:name="android.intent.action.MAIN" />
38-->src\main\AndroidManifest.xml:25:17-69
38-->src\main\AndroidManifest.xml:25:25-66
39
40                <category android:name="android.intent.category.LAUNCHER" />
40-->src\main\AndroidManifest.xml:27:17-77
40-->src\main\AndroidManifest.xml:27:27-74
41            </intent-filter>
42        </activity>
43        <!-- Autocomplete -->
44        <activity
44-->[com.google.android.libraries.places:places:1.0.0] AndroidManifest.xml:16:9-23:20
45            android:name="com.google.android.libraries.places.widget.AutocompleteActivity"
45-->[com.google.android.libraries.places:places:1.0.0] AndroidManifest.xml:17:13-91
46            android:exported="false"
46-->[com.google.android.libraries.places:places:1.0.0] AndroidManifest.xml:18:13-37
47            android:hardwareAccelerated="true"
47-->[com.google.android.libraries.places:places:1.0.0] AndroidManifest.xml:19:13-47
48            android:label="@string/places_autocomplete_label"
48-->[com.google.android.libraries.places:places:1.0.0] AndroidManifest.xml:20:13-62
49            android:theme="@style/PlacesAutocompleteThemeOverlay"
49-->[com.google.android.libraries.places:places:1.0.0] AndroidManifest.xml:21:13-66
50            android:windowSoftInputMode="stateAlwaysVisible|adjustPan" >
50-->[com.google.android.libraries.places:places:1.0.0] AndroidManifest.xml:22:13-71
51        </activity> <!-- Needs to be explicitly declared on P+ -->
52        <uses-library
52-->[com.google.android.gms:play-services-maps:16.1.0] AndroidManifest.xml:33:9-35:40
53            android:name="org.apache.http.legacy"
53-->[com.google.android.gms:play-services-maps:16.1.0] AndroidManifest.xml:34:13-50
54            android:required="false" />
54-->[com.google.android.gms:play-services-maps:16.1.0] AndroidManifest.xml:35:13-37
55
56        <activity
56-->[com.google.android.gms:play-services-base:16.1.0] AndroidManifest.xml:23:9-26:75
57            android:name="com.google.android.gms.common.api.GoogleApiActivity"
57-->[com.google.android.gms:play-services-base:16.1.0] AndroidManifest.xml:24:13-79
58            android:exported="false"
58-->[com.google.android.gms:play-services-base:16.1.0] AndroidManifest.xml:25:13-37
59            android:theme="@android:style/Theme.Translucent.NoTitleBar" />
59-->[com.google.android.gms:play-services-base:16.1.0] AndroidManifest.xml:26:13-72
60
61        <meta-data
61-->[com.google.android.gms:play-services-basement:16.2.0] AndroidManifest.xml:23:9-25:69
62            android:name="com.google.android.gms.version"
62-->[com.google.android.gms:play-services-basement:16.2.0] AndroidManifest.xml:24:13-58
63            android:value="@integer/google_play_services_version" />
63-->[com.google.android.gms:play-services-basement:16.2.0] AndroidManifest.xml:25:13-66
64    </application>
65
66</manifest>